<?xml version="1.0" encoding="UTF-8"?>
<!-- Generated by org.testng.reporters.JUnitReportReporter -->
<testsuite hostname="LAPTOP-PPEER480" failures="0" tests="2" name="com.PRregressionSuite.TestScripts_PR_Regression" time="62.000" errors="0" timestamp="2021-07-24T12:33:45 EDT" skipped="0">
  <testcase classname="com.PRregressionSuite.TestScripts_PR_Regression" name="loginValidation" time="16.381"/>
  <system-out/>
  <testcase classname="com.PRregressionSuite.TestScripts_PR_Regression" name="updateProfile" time="45.619"/>
  <system-out/>
</testsuite> <!-- com.PRregressionSuite.TestScripts_PR_Regression -->
