<?xml version="1.0" encoding="UTF-8"?>
<!-- Generated by org.testng.reporters.JUnitReportReporter -->
<testsuite hostname="LAPTOP-PPEER480" failures="0" tests="1" name="com.PRregressionSuite.TestScripts_PR_Regression" time="16.874" errors="0" timestamp="2021-07-24T11:14:23 EDT" skipped="0">
  <testcase classname="com.PRregressionSuite.TestScripts_PR_Regression" name="loginValidation" time="16.874"/>
  <system-out/>
</testsuite> <!-- com.PRregressionSuite.TestScripts_PR_Regression -->
